<?xml version="1.0" encoding="UTF-8"?>
<!-- Generated by org.testng.reporters.JUnitReportReporter -->
<testsuite hostname="LAPTOP-HT85RSOD" name="First.Testselenium.TestHH" tests="1" failures="0" timestamp="5 Nov 2017 13:04:14 GMT" time="0.008" errors="0">
  <testcase name="test" time="0.008" classname="First.Testselenium.TestHH"/>
</testsuite> <!-- First.Testselenium.TestHH -->
